Determining if the pthread_create exist failed with the following output:
Change Dir: /home/saumil/808X/PID/ENPM808X-PID/build/CMakeFiles/CMakeTmp

Run Build Command:"/usr/bin/make" "cmTC_619db/fast"
/usr/bin/make -f CMakeFiles/cmTC_619db.dir/build.make CMakeFiles/cmTC_619db.dir/build
make[1]: Entering directory '/home/saumil/808X/PID/ENPM808X-PID/build/CMakeFiles/CMakeTmp'
Building C object CMakeFiles/cmTC_619db.dir/CheckSymbolExists.c.o
/usr/bin/cc     -o CMakeFiles/cmTC_619db.dir/CheckSymbolExists.c.o   -c /home/saumil/808X/PID/ENPM808X-PID/build/CMakeFiles/CMakeTmp/CheckSymbolExists.c
Linking C executable cmTC_619db
/usr/bin/cmake -E cmake_link_script CMakeFiles/cmTC_619db.dir/link.txt --verbose=1
/usr/bin/cc       CMakeFiles/cmTC_619db.dir/CheckSymbolExists.c.o  -o cmTC_619db -rdynamic 
CMakeFiles/cmTC_619db.dir/CheckSymbolExists.c.o: In function `main':
CheckSymbolExists.c:(.text+0x16): undefined reference to `pthread_create'
collect2: error: ld returned 1 exit status
CMakeFiles/cmTC_619db.dir/build.make:97: recipe for target 'cmTC_619db' failed
make[1]: *** [cmTC_619db] Error 1
make[1]: Leaving directory '/home/saumil/808X/PID/ENPM808X-PID/build/CMakeFiles/CMakeTmp'
Makefile:126: recipe for target 'cmTC_619db/fast' failed
make: *** [cmTC_619db/fast] Error 2

File /home/saumil/808X/PID/ENPM808X-PID/build/CMakeFiles/CMakeTmp/CheckSymbolExists.c:
/* */
#include <pthread.h>

int main(int argc, char** argv)
{
  (void)argv;
#ifndef pthread_create
  return ((int*)(&pthread_create))[argc];
#else
  (void)argc;
  return 0;
#endif
}

Determining if the function pthread_create exists in the pthreads failed with the following output:
Change Dir: /home/saumil/808X/PID/ENPM808X-PID/build/CMakeFiles/CMakeTmp

Run Build Command:"/usr/bin/make" "cmTC_2935c/fast"
/usr/bin/make -f CMakeFiles/cmTC_2935c.dir/build.make CMakeFiles/cmTC_2935c.dir/build
make[1]: Entering directory '/home/saumil/808X/PID/ENPM808X-PID/build/CMakeFiles/CMakeTmp'
Building C object CMakeFiles/cmTC_2935c.dir/CheckFunctionExists.c.o
/usr/bin/cc    -DCHECK_FUNCTION_EXISTS=pthread_create   -o CMakeFiles/cmTC_2935c.dir/CheckFunctionExists.c.o   -c /usr/share/cmake-3.5/Modules/CheckFunctionExists.c
Linking C executable cmTC_2935c
/usr/bin/cmake -E cmake_link_script CMakeFiles/cmTC_2935c.dir/link.txt --verbose=1
/usr/bin/cc   -DCHECK_FUNCTION_EXISTS=pthread_create    CMakeFiles/cmTC_2935c.dir/CheckFunctionExists.c.o  -o cmTC_2935c -rdynamic -lpthreads 
/usr/bin/ld: cannot find -lpthreads
collect2: error: ld returned 1 exit status
CMakeFiles/cmTC_2935c.dir/build.make:97: recipe for target 'cmTC_2935c' failed
make[1]: *** [cmTC_2935c] Error 1
make[1]: Leaving directory '/home/saumil/808X/PID/ENPM808X-PID/build/CMakeFiles/CMakeTmp'
Makefile:126: recipe for target 'cmTC_2935c/fast' failed
make: *** [cmTC_2935c/fast] Error 2


